Starting Dynare (version 4.4.1).
Starting preprocessing of the model file ...
Substitution of endo leads >= 2: added 1 auxiliary variables and equations.
Found 22 equation(s).
Evaluating expressions...done
Computing static model derivatives:
 - order 1
Computing dynamic model derivatives:
 - order 1
Processing outputs ...done
Preprocessing completed.
Starting MATLAB/Octave computing.
-----------------------------------------------------
MODEL SIMULATION:

Largest absolute residual at iteration 1:      0.413


Largest absolute residual at iteration 2:    304.415


Largest absolute residual at iteration 3:    141.762


Largest absolute residual at iteration 4:     59.416


Largest absolute residual at iteration 5:     15.304


octave:5> exit

